<?xml version="1.1" encoding="UTF-8"?>
<testsuite name="com.test.selenium.TestSelenium" tests="1" failures="0" errors="0" timestamp="2015-08-20T13:09:50" hostname="shreejit-mac.cybage.com" time="5.962">
  <properties/>
  <testcase name="testLogin" classname="com.test.selenium.TestSelenium" time="5.962"/>
  <system-out><![CDATA[]]></system-out>
  <system-err><![CDATA[]]></system-err>
</testsuite>
